+I[8]
-U[8]
+U[-5]
-U[-5]
+U[-12]
-U[-12]
+U[1]
-U[1]
+U[-11]
-U[-11]
+U[-4]
-U[-4]
+U[-10]
-U[-10]
+U[-4]
-U[-4]
+U[-9]
-U[-9]
+U[-4]
-U[-4]
+U[-8]
-U[-8]
+U[-4]
-U[-4]
+U[-7]
-U[-7]
+U[5]
-U[5]
+U[-6]
-U[-6]
+U[-3]
-U[-3]
+U[-5]
-U[-5]
+U[6]
-U[6]
+U[-4]
-U[-4]
+U[-2]
-U[-2]
+U[-3]
-U[-3]
+U[-2]
-U[-2]
+U[-1]
-U[-1]
+U[9]
-U[9]
+U[0]
-U[0]
+U[9]
-U[9]
+U[1]
-U[1]
+U[0]
-U[0]
+U[2]
-U[2]
+U[10]
-U[10]
+U[3]
-U[3]
+U[10]
-U[10]
+U[4]
-U[4]
+U[2]
-U[2]
+U[5]
-U[5]
+U[2]
-U[2]
+U[6]
-U[6]
+U[16]
-U[16]
+U[18]
-U[18]
+U[10]
-U[10]
+U[17]
-U[17]
+U[15]
-U[15]
+U[16]
-U[16]
+U[15]
-U[15]
+U[8]
-U[8]
+U[14]
-U[14]
+U[13]
-U[13]
+U[14]
-U[14]
+U[12]
-U[12]
+U[2]
-U[2]
+U[11]
-U[11]
+U[5]
-U[5]
+U[10]
-U[10]
+U[5]
-U[5]
+U[9]
-U[9]
+U[5]
-U[5]
+U[8]
-U[8]
+U[-1]
-U[-1]
+U[7]
-U[7]
+U[4]
-U[4]
+U[6]
-U[6]
+U[-2]
-U[-2]
+U[5]
-U[5]
+U[-2]
-U[-2]
+U[4]
-U[4]
+U[-2]
-U[-2]
+U[3]
-U[3]
+U[-2]
-U[-2]
+U[2]
-U[2]
+U[0]
-U[0]
+U[1]
-U[1]
+U[-3]
-U[-3]
+U[0]
-U[0]
+U[2]
-U[2]
+U[-1]
-U[-1]
+U[-4]
-U[-4]
+U[-2]
-U[-2]
+U[1]
-U[1]
+U[-3]
-U[-3]
+U[-5]
-U[-5]
+U[-4]
-U[-4]
+U[-5]
-U[-5]
+U[-6]
-U[-6]
+U[-2]
-U[-2]
+U[-7]
-U[-7]
+U[-8]
-U[-8]
+U[-9]
-U[-9]
+U[-8]
-U[-8]
+U[-10]
-U[-10]
+U[-5]
-U[-5]
+U[-11]
-U[-11]
+U[-2]
-U[-2]
+U[-11]
-U[-11]
+U[-3]
-U[-3]
+U[-11]
-U[-11]
+U[-4]
-U[-4]
+U[-11]
-U[-11]
+U[-5]
-U[-5]
+U[-11]
-U[-11]
+U[-6]
-U[-6]
+U[-11]
-U[-11]
+U[-7]
-U[-7]
+U[-11]
-U[-11]
+U[-8]
-U[-8]
+U[-11]
-U[-11]
+U[-9]
-U[-9]
+U[-11]
-U[-11]
+U[-10]
-U[-10]
+U[-11]
-U[-11]
+U[-12]
-U[-12]
+U[-11]
-U[-11]
+U[-13]
-U[-13]
+U[-11]
-U[-11]
+U[-14]
-U[-14]
+U[-3]
-U[-3]
+U[-14]
-U[-14]
+U[-4]
-U[-4]
+U[-14]
-U[-14]
+U[-5]
-U[-5]
+U[-14]
-U[-14]
+U[-6]
-U[-6]
+U[-14]
-U[-14]
+U[-7]
-U[-7]
+U[-14]
-U[-14]
+U[-8]
-U[-8]
+U[-14]
-U[-14]
+U[-9]
-U[-9]
+U[-14]
-U[-14]
+U[-10]
-U[-10]
+U[-14]
-U[-14]
+U[-11]
-U[-11]
+U[-14]
-U[-14]
+U[-12]
-U[-12]
+U[-14]
-U[-14]
+U[-13]
-U[-13]
+U[-22]
-U[-22]
+U[-13]
-U[-13]
+U[-21]
-U[-21]
+U[-13]
-U[-13]
+U[-20]
-U[-20]
+U[-13]
-U[-13]
+U[-19]
-U[-19]
+U[-13]
-U[-13]
+U[-18]
-U[-18]
+U[-13]
-U[-13]
+U[-17]
-U[-17]
+U[-13]
-U[-13]
+U[-16]
-U[-16]
+U[-13]
-U[-13]
+U[-15]
-U[-15]
+U[-13]
-U[-13]
+U[-14]
-U[-14]
+U[-13]
-U[-13]
+U[-12]
-U[-12]
+U[-13]
-U[-13]
+U[-11]
-U[-11]
+U[-15]
-U[-15]
+U[-21]
-U[-21]
+U[-17]
-U[-17]
+U[-20]
-U[-20]
+U[-14]
-U[-14]
+U[-19]
-U[-19]
+U[-16]
-U[-16]
+U[-18]
-U[-18]
+U[-13]
-U[-13]
+U[-17]
-U[-17]
+U[-15]
-U[-15]
+U[-16]
-U[-16]
+U[-12]
-U[-12]
+U[-15]
-U[-15]
+U[-14]
-U[-14]
+U[-13]
-U[-13]
+U[-10]
-U[-10]
+U[-12]
-U[-12]
+U[-10]
-U[-10]
+U[-11]
-U[-11]
+U[-12]
-U[-12]
+U[-10]
-U[-10]
+U[-9]
-U[-9]
+U[-8]
-U[-8]
+U[-10]
-U[-10]
+U[-7]
-U[-7]
+U[-10]
-U[-10]
+U[-6]
-U[-6]
+U[-10]
-U[-10]
+U[-5]
-U[-5]
+U[-10]
-U[-10]
+U[-4]
-U[-4]
+U[-5]
-U[-5]
+U[-3]
-U[-3]
+U[-5]
-U[-5]
+U[-2]
-U[-2]
+U[-5]
-U[-5]
+U[-1]
-U[-1]
+U[-5]
-U[-5]
+U[0]
